2022-08-17 11:13:48,896 - Log4JLogChute initialized using file 'velocity.log'
2022-08-17 11:13:48,896 - Initializing Velocity, Calling init()...
2022-08-17 11:13:48,896 - Starting Apache Velocity v1.7 (compiled: 2010-11-19 12:14:37)
2022-08-17 11:13:48,896 - Default Properties File: org\apache\velocity\runtime\defaults\velocity.properties
2022-08-17 11:13:48,897 - Trying to use logger class org.apache.velocity.runtime.log.AvalonLogChute
2022-08-17 11:13:48,897 - Target log system for org.apache.velocity.runtime.log.AvalonLogChute is not available (java.lang.NoClassDefFoundError: org/apache/log/format/Formatter).  Falling back to next log system...
2022-08-17 11:13:48,897 - Trying to use logger class org.apache.velocity.runtime.log.Log4JLogChute
2022-08-17 11:13:48,897 - Using logger class org.apache.velocity.runtime.log.Log4JLogChute
2022-08-17 11:13:48,899 - ResourceLoader instantiated: org.apache.velocity.runtime.resource.loader.ClasspathResourceLoader
2022-08-17 11:13:48,905 - ResourceCache: initialized (class org.apache.velocity.runtime.resource.ResourceCacheImpl) with class java.util.Collections$SynchronizedMap cache map.
2022-08-17 11:13:48,906 - Loaded System Directive: org.apache.velocity.runtime.directive.Stop
2022-08-17 11:13:48,907 - Loaded System Directive: org.apache.velocity.runtime.directive.Define
2022-08-17 11:13:48,907 - Loaded System Directive: org.apache.velocity.runtime.directive.Break
2022-08-17 11:13:48,907 - Loaded System Directive: org.apache.velocity.runtime.directive.Evaluate
2022-08-17 11:13:48,907 - Loaded System Directive: org.apache.velocity.runtime.directive.Literal
2022-08-17 11:13:48,908 - Loaded System Directive: org.apache.velocity.runtime.directive.Macro
2022-08-17 11:13:48,909 - Loaded System Directive: org.apache.velocity.runtime.directive.Parse
2022-08-17 11:13:48,909 - Loaded System Directive: org.apache.velocity.runtime.directive.Include
2022-08-17 11:13:48,910 - Loaded System Directive: org.apache.velocity.runtime.directive.Foreach
2022-08-17 11:13:48,926 - Created '20' parsers.
2022-08-17 11:13:48,928 - Velocimacro : "velocimacro.library" is not set.  Trying default library: VM_global_library.vm
2022-08-17 11:13:48,929 - Could not load resource 'VM_global_library.vm' from ResourceLoader org.apache.velocity.runtime.resource.loader.ClasspathResourceLoader: ClasspathResourceLoader Error: cannot find resource VM_global_library.vm
2022-08-17 11:13:48,929 - Velocimacro : Default library not found.
2022-08-17 11:13:48,929 - Velocimacro : allowInline = true : VMs can be defined inline in templates
2022-08-17 11:13:48,929 - Velocimacro : allowInlineToOverride = false : VMs defined inline may NOT replace previous VM definitions
2022-08-17 11:13:48,929 - Velocimacro : allowInlineLocal = false : VMs defined inline will be global in scope if allowed.
2022-08-17 11:13:48,929 - Velocimacro : autoload off : VM system will not automatically reload global library macros
2022-08-17 11:13:48,944 - ResourceManager : found /templates/entity.java.vm with loader org.apache.velocity.runtime.resource.loader.ClasspathResourceLoader
2022-08-17 11:13:48,953 - ResourceManager : found /templates/mapper.java.vm with loader org.apache.velocity.runtime.resource.loader.ClasspathResourceLoader
2022-08-17 11:13:48,955 - ResourceManager : found /templates/mapper.xml.vm with loader org.apache.velocity.runtime.resource.loader.ClasspathResourceLoader
2022-08-17 11:13:48,957 - ResourceManager : found /templates/service.java.vm with loader org.apache.velocity.runtime.resource.loader.ClasspathResourceLoader
2022-08-17 11:13:48,959 - ResourceManager : found /templates/serviceImpl.java.vm with loader org.apache.velocity.runtime.resource.loader.ClasspathResourceLoader
2022-08-17 11:13:48,960 - ResourceManager : found /templates/controller.java.vm with loader org.apache.velocity.runtime.resource.loader.ClasspathResourceLoader
2022-08-17 11:29:43,428 - Log4JLogChute initialized using file 'velocity.log'
2022-08-17 11:29:43,429 - Initializing Velocity, Calling init()...
2022-08-17 11:29:43,429 - Starting Apache Velocity v1.7 (compiled: 2010-11-19 12:14:37)
2022-08-17 11:29:43,429 - Default Properties File: org\apache\velocity\runtime\defaults\velocity.properties
2022-08-17 11:29:43,429 - Trying to use logger class org.apache.velocity.runtime.log.AvalonLogChute
2022-08-17 11:29:43,429 - Target log system for org.apache.velocity.runtime.log.AvalonLogChute is not available (java.lang.NoClassDefFoundError: org/apache/log/format/Formatter).  Falling back to next log system...
2022-08-17 11:29:43,429 - Trying to use logger class org.apache.velocity.runtime.log.Log4JLogChute
2022-08-17 11:29:43,429 - Using logger class org.apache.velocity.runtime.log.Log4JLogChute
2022-08-17 11:29:43,431 - ResourceLoader instantiated: org.apache.velocity.runtime.resource.loader.ClasspathResourceLoader
2022-08-17 11:29:43,437 - ResourceCache: initialized (class org.apache.velocity.runtime.resource.ResourceCacheImpl) with class java.util.Collections$SynchronizedMap cache map.
2022-08-17 11:29:43,438 - Loaded System Directive: org.apache.velocity.runtime.directive.Stop
2022-08-17 11:29:43,438 - Loaded System Directive: org.apache.velocity.runtime.directive.Define
2022-08-17 11:29:43,439 - Loaded System Directive: org.apache.velocity.runtime.directive.Break
2022-08-17 11:29:43,439 - Loaded System Directive: org.apache.velocity.runtime.directive.Evaluate
2022-08-17 11:29:43,439 - Loaded System Directive: org.apache.velocity.runtime.directive.Literal
2022-08-17 11:29:43,440 - Loaded System Directive: org.apache.velocity.runtime.directive.Macro
2022-08-17 11:29:43,440 - Loaded System Directive: org.apache.velocity.runtime.directive.Parse
2022-08-17 11:29:43,441 - Loaded System Directive: org.apache.velocity.runtime.directive.Include
2022-08-17 11:29:43,442 - Loaded System Directive: org.apache.velocity.runtime.directive.Foreach
2022-08-17 11:29:43,458 - Created '20' parsers.
2022-08-17 11:29:43,461 - Velocimacro : "velocimacro.library" is not set.  Trying default library: VM_global_library.vm
2022-08-17 11:29:43,462 - Could not load resource 'VM_global_library.vm' from ResourceLoader org.apache.velocity.runtime.resource.loader.ClasspathResourceLoader: ClasspathResourceLoader Error: cannot find resource VM_global_library.vm
2022-08-17 11:29:43,462 - Velocimacro : Default library not found.
2022-08-17 11:29:43,462 - Velocimacro : allowInline = true : VMs can be defined inline in templates
2022-08-17 11:29:43,462 - Velocimacro : allowInlineToOverride = false : VMs defined inline may NOT replace previous VM definitions
2022-08-17 11:29:43,462 - Velocimacro : allowInlineLocal = false : VMs defined inline will be global in scope if allowed.
2022-08-17 11:29:43,462 - Velocimacro : autoload off : VM system will not automatically reload global library macros
2022-08-17 11:29:43,478 - ResourceManager : found /templates/entity.java.vm with loader org.apache.velocity.runtime.resource.loader.ClasspathResourceLoader
2022-08-17 11:29:43,487 - ResourceManager : found /templates/mapper.java.vm with loader org.apache.velocity.runtime.resource.loader.ClasspathResourceLoader
2022-08-17 11:29:43,489 - ResourceManager : found /templates/mapper.xml.vm with loader org.apache.velocity.runtime.resource.loader.ClasspathResourceLoader
2022-08-17 11:29:43,491 - ResourceManager : found /templates/service.java.vm with loader org.apache.velocity.runtime.resource.loader.ClasspathResourceLoader
2022-08-17 11:29:43,492 - ResourceManager : found /templates/serviceImpl.java.vm with loader org.apache.velocity.runtime.resource.loader.ClasspathResourceLoader
2022-08-17 11:29:43,495 - ResourceManager : found /templates/controller.java.vm with loader org.apache.velocity.runtime.resource.loader.ClasspathResourceLoader
2022-08-17 14:37:58,889 - Log4JLogChute initialized using file 'velocity.log'
2022-08-17 14:37:58,889 - Initializing Velocity, Calling init()...
2022-08-17 14:37:58,889 - Starting Apache Velocity v1.7 (compiled: 2010-11-19 12:14:37)
2022-08-17 14:37:58,889 - Default Properties File: org\apache\velocity\runtime\defaults\velocity.properties
2022-08-17 14:37:58,889 - Trying to use logger class org.apache.velocity.runtime.log.AvalonLogChute
2022-08-17 14:37:58,889 - Target log system for org.apache.velocity.runtime.log.AvalonLogChute is not available (java.lang.NoClassDefFoundError: org/apache/log/format/Formatter).  Falling back to next log system...
2022-08-17 14:37:58,889 - Trying to use logger class org.apache.velocity.runtime.log.Log4JLogChute
2022-08-17 14:37:58,889 - Using logger class org.apache.velocity.runtime.log.Log4JLogChute
2022-08-17 14:37:58,891 - ResourceLoader instantiated: org.apache.velocity.runtime.resource.loader.ClasspathResourceLoader
2022-08-17 14:37:58,898 - ResourceCache: initialized (class org.apache.velocity.runtime.resource.ResourceCacheImpl) with class java.util.Collections$SynchronizedMap cache map.
2022-08-17 14:37:58,899 - Loaded System Directive: org.apache.velocity.runtime.directive.Stop
2022-08-17 14:37:58,900 - Loaded System Directive: org.apache.velocity.runtime.directive.Define
2022-08-17 14:37:58,900 - Loaded System Directive: org.apache.velocity.runtime.directive.Break
2022-08-17 14:37:58,900 - Loaded System Directive: org.apache.velocity.runtime.directive.Evaluate
2022-08-17 14:37:58,901 - Loaded System Directive: org.apache.velocity.runtime.directive.Literal
2022-08-17 14:37:58,901 - Loaded System Directive: org.apache.velocity.runtime.directive.Macro
2022-08-17 14:37:58,902 - Loaded System Directive: org.apache.velocity.runtime.directive.Parse
2022-08-17 14:37:58,903 - Loaded System Directive: org.apache.velocity.runtime.directive.Include
2022-08-17 14:37:58,903 - Loaded System Directive: org.apache.velocity.runtime.directive.Foreach
2022-08-17 14:37:58,919 - Created '20' parsers.
2022-08-17 14:37:58,922 - Velocimacro : "velocimacro.library" is not set.  Trying default library: VM_global_library.vm
2022-08-17 14:37:58,922 - Could not load resource 'VM_global_library.vm' from ResourceLoader org.apache.velocity.runtime.resource.loader.ClasspathResourceLoader: ClasspathResourceLoader Error: cannot find resource VM_global_library.vm
2022-08-17 14:37:58,922 - Velocimacro : Default library not found.
2022-08-17 14:37:58,922 - Velocimacro : allowInline = true : VMs can be defined inline in templates
2022-08-17 14:37:58,922 - Velocimacro : allowInlineToOverride = false : VMs defined inline may NOT replace previous VM definitions
2022-08-17 14:37:58,923 - Velocimacro : allowInlineLocal = false : VMs defined inline will be global in scope if allowed.
2022-08-17 14:37:58,923 - Velocimacro : autoload off : VM system will not automatically reload global library macros
2022-08-17 14:37:58,938 - ResourceManager : found /templates/entity.java.vm with loader org.apache.velocity.runtime.resource.loader.ClasspathResourceLoader
2022-08-17 14:37:58,946 - ResourceManager : found /templates/mapper.java.vm with loader org.apache.velocity.runtime.resource.loader.ClasspathResourceLoader
2022-08-17 14:37:58,948 - ResourceManager : found /templates/mapper.xml.vm with loader org.apache.velocity.runtime.resource.loader.ClasspathResourceLoader
2022-08-17 14:37:58,950 - ResourceManager : found /templates/service.java.vm with loader org.apache.velocity.runtime.resource.loader.ClasspathResourceLoader
2022-08-17 14:37:58,952 - ResourceManager : found /templates/serviceImpl.java.vm with loader org.apache.velocity.runtime.resource.loader.ClasspathResourceLoader
2022-08-17 14:37:58,963 - ResourceManager : found /templates/controller.java.vm with loader org.apache.velocity.runtime.resource.loader.ClasspathResourceLoader
2022-08-17 14:40:37,984 - Log4JLogChute initialized using file 'velocity.log'
2022-08-17 14:40:37,984 - Initializing Velocity, Calling init()...
2022-08-17 14:40:37,984 - Starting Apache Velocity v1.7 (compiled: 2010-11-19 12:14:37)
2022-08-17 14:40:37,984 - Default Properties File: org\apache\velocity\runtime\defaults\velocity.properties
2022-08-17 14:40:37,984 - Trying to use logger class org.apache.velocity.runtime.log.AvalonLogChute
2022-08-17 14:40:37,984 - Target log system for org.apache.velocity.runtime.log.AvalonLogChute is not available (java.lang.NoClassDefFoundError: org/apache/log/format/Formatter).  Falling back to next log system...
2022-08-17 14:40:37,984 - Trying to use logger class org.apache.velocity.runtime.log.Log4JLogChute
2022-08-17 14:40:37,984 - Using logger class org.apache.velocity.runtime.log.Log4JLogChute
2022-08-17 14:40:37,986 - ResourceLoader instantiated: org.apache.velocity.runtime.resource.loader.ClasspathResourceLoader
2022-08-17 14:40:37,993 - ResourceCache: initialized (class org.apache.velocity.runtime.resource.ResourceCacheImpl) with class java.util.Collections$SynchronizedMap cache map.
2022-08-17 14:40:37,993 - Loaded System Directive: org.apache.velocity.runtime.directive.Stop
2022-08-17 14:40:37,994 - Loaded System Directive: org.apache.velocity.runtime.directive.Define
2022-08-17 14:40:37,995 - Loaded System Directive: org.apache.velocity.runtime.directive.Break
2022-08-17 14:40:37,995 - Loaded System Directive: org.apache.velocity.runtime.directive.Evaluate
2022-08-17 14:40:37,995 - Loaded System Directive: org.apache.velocity.runtime.directive.Literal
2022-08-17 14:40:37,996 - Loaded System Directive: org.apache.velocity.runtime.directive.Macro
2022-08-17 14:40:37,996 - Loaded System Directive: org.apache.velocity.runtime.directive.Parse
2022-08-17 14:40:37,997 - Loaded System Directive: org.apache.velocity.runtime.directive.Include
2022-08-17 14:40:37,997 - Loaded System Directive: org.apache.velocity.runtime.directive.Foreach
2022-08-17 14:40:38,012 - Created '20' parsers.
2022-08-17 14:40:38,015 - Velocimacro : "velocimacro.library" is not set.  Trying default library: VM_global_library.vm
2022-08-17 14:40:38,016 - Could not load resource 'VM_global_library.vm' from ResourceLoader org.apache.velocity.runtime.resource.loader.ClasspathResourceLoader: ClasspathResourceLoader Error: cannot find resource VM_global_library.vm
2022-08-17 14:40:38,016 - Velocimacro : Default library not found.
2022-08-17 14:40:38,016 - Velocimacro : allowInline = true : VMs can be defined inline in templates
2022-08-17 14:40:38,016 - Velocimacro : allowInlineToOverride = false : VMs defined inline may NOT replace previous VM definitions
2022-08-17 14:40:38,016 - Velocimacro : allowInlineLocal = false : VMs defined inline will be global in scope if allowed.
2022-08-17 14:40:38,016 - Velocimacro : autoload off : VM system will not automatically reload global library macros
2022-08-17 14:40:38,031 - ResourceManager : found /templates/entity.java.vm with loader org.apache.velocity.runtime.resource.loader.ClasspathResourceLoader
2022-08-17 14:40:38,039 - ResourceManager : found /templates/mapper.java.vm with loader org.apache.velocity.runtime.resource.loader.ClasspathResourceLoader
2022-08-17 14:40:38,041 - ResourceManager : found /templates/mapper.xml.vm with loader org.apache.velocity.runtime.resource.loader.ClasspathResourceLoader
2022-08-17 14:40:38,042 - ResourceManager : found /templates/service.java.vm with loader org.apache.velocity.runtime.resource.loader.ClasspathResourceLoader
2022-08-17 14:40:38,044 - ResourceManager : found /templates/serviceImpl.java.vm with loader org.apache.velocity.runtime.resource.loader.ClasspathResourceLoader
2022-08-17 14:40:38,046 - ResourceManager : found /templates/controller.java.vm with loader org.apache.velocity.runtime.resource.loader.ClasspathResourceLoader
2022-08-17 14:56:12,746 - Log4JLogChute initialized using file 'velocity.log'
2022-08-17 14:56:12,746 - Initializing Velocity, Calling init()...
2022-08-17 14:56:12,746 - Starting Apache Velocity v1.7 (compiled: 2010-11-19 12:14:37)
2022-08-17 14:56:12,746 - Default Properties File: org\apache\velocity\runtime\defaults\velocity.properties
2022-08-17 14:56:12,747 - Trying to use logger class org.apache.velocity.runtime.log.AvalonLogChute
2022-08-17 14:56:12,747 - Target log system for org.apache.velocity.runtime.log.AvalonLogChute is not available (java.lang.NoClassDefFoundError: org/apache/log/format/Formatter).  Falling back to next log system...
2022-08-17 14:56:12,747 - Trying to use logger class org.apache.velocity.runtime.log.Log4JLogChute
2022-08-17 14:56:12,747 - Using logger class org.apache.velocity.runtime.log.Log4JLogChute
2022-08-17 14:56:12,748 - ResourceLoader instantiated: org.apache.velocity.runtime.resource.loader.ClasspathResourceLoader
2022-08-17 14:56:12,754 - ResourceCache: initialized (class org.apache.velocity.runtime.resource.ResourceCacheImpl) with class java.util.Collections$SynchronizedMap cache map.
2022-08-17 14:56:12,755 - Loaded System Directive: org.apache.velocity.runtime.directive.Stop
2022-08-17 14:56:12,755 - Loaded System Directive: org.apache.velocity.runtime.directive.Define
2022-08-17 14:56:12,756 - Loaded System Directive: org.apache.velocity.runtime.directive.Break
2022-08-17 14:56:12,756 - Loaded System Directive: org.apache.velocity.runtime.directive.Evaluate
2022-08-17 14:56:12,756 - Loaded System Directive: org.apache.velocity.runtime.directive.Literal
2022-08-17 14:56:12,757 - Loaded System Directive: org.apache.velocity.runtime.directive.Macro
2022-08-17 14:56:12,757 - Loaded System Directive: org.apache.velocity.runtime.directive.Parse
2022-08-17 14:56:12,758 - Loaded System Directive: org.apache.velocity.runtime.directive.Include
2022-08-17 14:56:12,758 - Loaded System Directive: org.apache.velocity.runtime.directive.Foreach
2022-08-17 14:56:12,772 - Created '20' parsers.
2022-08-17 14:56:12,775 - Velocimacro : "velocimacro.library" is not set.  Trying default library: VM_global_library.vm
2022-08-17 14:56:12,775 - Could not load resource 'VM_global_library.vm' from ResourceLoader org.apache.velocity.runtime.resource.loader.ClasspathResourceLoader: ClasspathResourceLoader Error: cannot find resource VM_global_library.vm
2022-08-17 14:56:12,775 - Velocimacro : Default library not found.
2022-08-17 14:56:12,775 - Velocimacro : allowInline = true : VMs can be defined inline in templates
2022-08-17 14:56:12,775 - Velocimacro : allowInlineToOverride = false : VMs defined inline may NOT replace previous VM definitions
2022-08-17 14:56:12,775 - Velocimacro : allowInlineLocal = false : VMs defined inline will be global in scope if allowed.
2022-08-17 14:56:12,775 - Velocimacro : autoload off : VM system will not automatically reload global library macros
2022-08-17 14:56:12,790 - ResourceManager : found /templates/entity.java.vm with loader org.apache.velocity.runtime.resource.loader.ClasspathResourceLoader
2022-08-17 14:56:12,798 - ResourceManager : found /templates/mapper.java.vm with loader org.apache.velocity.runtime.resource.loader.ClasspathResourceLoader
2022-08-17 14:56:12,800 - ResourceManager : found /templates/mapper.xml.vm with loader org.apache.velocity.runtime.resource.loader.ClasspathResourceLoader
2022-08-17 14:56:12,801 - ResourceManager : found /templates/service.java.vm with loader org.apache.velocity.runtime.resource.loader.ClasspathResourceLoader
2022-08-17 14:56:12,803 - ResourceManager : found /templates/serviceImpl.java.vm with loader org.apache.velocity.runtime.resource.loader.ClasspathResourceLoader
2022-08-17 14:56:12,805 - ResourceManager : found /templates/controller.java.vm with loader org.apache.velocity.runtime.resource.loader.ClasspathResourceLoader
2022-08-17 14:56:38,608 - Log4JLogChute initialized using file 'velocity.log'
2022-08-17 14:56:38,609 - Initializing Velocity, Calling init()...
2022-08-17 14:56:38,609 - Starting Apache Velocity v1.7 (compiled: 2010-11-19 12:14:37)
2022-08-17 14:56:38,609 - Default Properties File: org\apache\velocity\runtime\defaults\velocity.properties
2022-08-17 14:56:38,609 - Trying to use logger class org.apache.velocity.runtime.log.AvalonLogChute
2022-08-17 14:56:38,609 - Target log system for org.apache.velocity.runtime.log.AvalonLogChute is not available (java.lang.NoClassDefFoundError: org/apache/log/format/Formatter).  Falling back to next log system...
2022-08-17 14:56:38,609 - Trying to use logger class org.apache.velocity.runtime.log.Log4JLogChute
2022-08-17 14:56:38,609 - Using logger class org.apache.velocity.runtime.log.Log4JLogChute
2022-08-17 14:56:38,611 - ResourceLoader instantiated: org.apache.velocity.runtime.resource.loader.ClasspathResourceLoader
2022-08-17 14:56:38,617 - ResourceCache: initialized (class org.apache.velocity.runtime.resource.ResourceCacheImpl) with class java.util.Collections$SynchronizedMap cache map.
2022-08-17 14:56:38,617 - Loaded System Directive: org.apache.velocity.runtime.directive.Stop
2022-08-17 14:56:38,618 - Loaded System Directive: org.apache.velocity.runtime.directive.Define
2022-08-17 14:56:38,618 - Loaded System Directive: org.apache.velocity.runtime.directive.Break
2022-08-17 14:56:38,619 - Loaded System Directive: org.apache.velocity.runtime.directive.Evaluate
2022-08-17 14:56:38,619 - Loaded System Directive: org.apache.velocity.runtime.directive.Literal
2022-08-17 14:56:38,619 - Loaded System Directive: org.apache.velocity.runtime.directive.Macro
2022-08-17 14:56:38,620 - Loaded System Directive: org.apache.velocity.runtime.directive.Parse
2022-08-17 14:56:38,620 - Loaded System Directive: org.apache.velocity.runtime.directive.Include
2022-08-17 14:56:38,621 - Loaded System Directive: org.apache.velocity.runtime.directive.Foreach
2022-08-17 14:56:38,636 - Created '20' parsers.
2022-08-17 14:56:38,638 - Velocimacro : "velocimacro.library" is not set.  Trying default library: VM_global_library.vm
2022-08-17 14:56:38,639 - Could not load resource 'VM_global_library.vm' from ResourceLoader org.apache.velocity.runtime.resource.loader.ClasspathResourceLoader: ClasspathResourceLoader Error: cannot find resource VM_global_library.vm
2022-08-17 14:56:38,639 - Velocimacro : Default library not found.
2022-08-17 14:56:38,639 - Velocimacro : allowInline = true : VMs can be defined inline in templates
2022-08-17 14:56:38,639 - Velocimacro : allowInlineToOverride = false : VMs defined inline may NOT replace previous VM definitions
2022-08-17 14:56:38,639 - Velocimacro : allowInlineLocal = false : VMs defined inline will be global in scope if allowed.
2022-08-17 14:56:38,639 - Velocimacro : autoload off : VM system will not automatically reload global library macros
2022-08-17 14:56:38,654 - ResourceManager : found /templates/entity.java.vm with loader org.apache.velocity.runtime.resource.loader.ClasspathResourceLoader
2022-08-17 14:56:38,661 - ResourceManager : found /templates/mapper.java.vm with loader org.apache.velocity.runtime.resource.loader.ClasspathResourceLoader
2022-08-17 14:56:38,663 - ResourceManager : found /templates/mapper.xml.vm with loader org.apache.velocity.runtime.resource.loader.ClasspathResourceLoader
2022-08-17 14:56:38,665 - ResourceManager : found /templates/service.java.vm with loader org.apache.velocity.runtime.resource.loader.ClasspathResourceLoader
2022-08-17 14:56:38,667 - ResourceManager : found /templates/serviceImpl.java.vm with loader org.apache.velocity.runtime.resource.loader.ClasspathResourceLoader
2022-08-17 14:56:38,669 - ResourceManager : found /templates/controller.java.vm with loader org.apache.velocity.runtime.resource.loader.ClasspathResourceLoader
